# JRE version: OpenJDK Runtime Environment (7.0_95) (build 1.7.0_95-b00)
# Java VM: OpenJDK 64-Bit Server VM (24.95-b01 mixed mode linux-amd64 compressed oops)
Heap
 PSYoungGen      total 240128K, used 239747K [0x00000000eaa80000, 0x0000000100000000, 0x0000000100000000)
  eden space 181760K, 100% used [0x00000000eaa80000,0x00000000f5c00000,0x00000000f5c00000)
  from space 58368K, 99% used [0x00000000f5c00000,0x00000000f94a0cd8,0x00000000f9500000)
  to   space 88576K, 50% used [0x00000000fa980000,0x00000000fd4f95d8,0x0000000100000000)
 ParOldGen       total 170496K, used 150410K [0x00000000c0000000, 0x00000000ca680000, 0x00000000eaa80000)
  object space 170496K, 88% used [0x00000000c0000000,0x00000000c92e2a20,0x00000000ca680000)
 PSPermGen       total 21504K, used 6460K [0x00000000b5a00000, 0x00000000b6f00000, 0x00000000c0000000)
  object space 21504K, 30% used [0x00000000b5a00000,0x00000000b604f158,0x00000000b6f00000)
GC Heap History (10 events):
Event: 6,725 GC heap after
Heap after GC invocations=5 (full 0):
 PSYoungGen      total 140288K, used 10229K [0x00000000eaa80000, 0x00000000ff280000, 0x0000000100000000)
  eden space 130048K, 0% used [0x00000000eaa80000,0x00000000eaa80000,0x00000000f2980000)
  from space 10240K, 99% used [0x00000000f2980000,0x00000000f337d700,0x00000000f3380000)
  to   space 37888K, 0% used [0x00000000fcd80000,0x00000000fcd80000,0x00000000ff280000)
 ParOldGen       total 170496K, used 43118K [0x00000000c0000000, 0x00000000ca680000, 0x00000000eaa80000)
  object space 170496K, 25% used [0x00000000c0000000,0x00000000c2a1ba40,0x00000000ca680000)
 PSPermGen       total 21504K, used 6376K [0x00000000b5a00000, 0x00000000b6f00000, 0x00000000c0000000)
  object space 21504K, 29% used [0x00000000b5a00000,0x00000000b603a3e8,0x00000000b6f00000)
}
Event: 7,382 GC heap before
{Heap before GC invocations=6 (full 0):
 PSYoungGen      total 140288K, used 140277K [0x00000000eaa80000, 0x00000000ff280000, 0x0000000100000000)
  eden space 130048K, 100% used [0x00000000eaa80000,0x00000000f2980000,0x00000000f2980000)
  from space 10240K, 99% used [0x00000000f2980000,0x00000000f337d700,0x00000000f3380000)
  to   space 37888K, 0% used [0x00000000fcd80000,0x00000000fcd80000,0x00000000ff280000)
 ParOldGen       total 170496K, used 43118K [0x00000000c0000000, 0x00000000ca680000, 0x00000000eaa80000)
  object space 170496K, 25% used [0x00000000c0000000,0x00000000c2a1ba40,0x00000000ca680000)
 PSPermGen       total 21504K, used 6402K [0x00000000b5a00000, 0x00000000b6f00000, 0x00000000c0000000)
  object space 21504K, 29% used [0x00000000b5a00000,0x00000000b6040b00,0x00000000b6f00000)
Event: 7,412 GC heap after
Heap after GC invocations=6 (full 0):
 PSYoungGen      total 292864K, used 31959K [0x00000000eaa80000, 0x00000000ffc80000, 0x0000000100000000)
  eden space 254976K, 0% used [0x00000000eaa80000,0x00000000eaa80000,0x00000000fa380000)
  from space 37888K, 84% used [0x00000000fcd80000,0x00000000fecb5ef8,0x00000000ff280000)
  to   space 43008K, 0% used [0x00000000fa380000,0x00000000fa380000,0x00000000fcd80000)
 ParOldGen       total 170496K, used 43118K [0x00000000c0000000, 0x00000000ca680000, 0x00000000eaa80000)
  object space 170496K, 25% used [0x00000000c0000000,0x00000000c2a1ba40,0x00000000ca680000)
 PSPermGen       total 21504K, used 6402K [0x00000000b5a00000, 0x00000000b6f00000, 0x00000000c0000000)
  object space 21504K, 29% used [0x00000000b5a00000,0x00000000b6040b00,0x00000000b6f00000)
}
Event: 8,232 GC heap before
{Heap before GC invocations=7 (full 0):
 PSYoungGen      total 292864K, used 286935K [0x00000000eaa80000, 0x00000000ffc80000, 0x0000000100000000)
  eden space 254976K, 100% used [0x00000000eaa80000,0x00000000fa380000,0x00000000fa380000)
  from space 37888K, 84% used [0x00000000fcd80000,0x00000000fecb5ef8,0x00000000ff280000)
  to   space 43008K, 0% used [0x00000000fa380000,0x00000000fa380000,0x00000000fcd80000)
 ParOldGen       total 170496K, used 43118K [0x00000000c0000000, 0x00000000ca680000, 0x00000000eaa80000)
  object space 170496K, 25% used [0x00000000c0000000,0x00000000c2a1ba40,0x00000000ca680000)
 PSPermGen       total 21504K, used 6422K [0x00000000b5a00000, 0x00000000b6f00000, 0x00000000c0000000)
  object space 21504K, 29% used [0x00000000b5a00000,0x00000000b6045990,0x00000000b6f00000)
Event: 8,284 GC heap after
Heap after GC invocations=7 (full 0):
 PSYoungGen      total 297984K, used 42981K [0x00000000eaa80000, 0x0000000100000000, 0x0000000100000000)
  eden space 254976K, 0% used [0x00000000eaa80000,0x00000000eaa80000,0x00000000fa380000)
  from space 43008K, 99% used [0x00000000fa380000,0x00000000fcd796f0,0x00000000fcd80000)
  to   space 51712K, 0% used [0x00000000fcd80000,0x00000000fcd80000,0x0000000100000000)
 ParOldGen       total 170496K, used 69596K [0x00000000c0000000, 0x00000000ca680000, 0x00000000eaa80000)
  object space 170496K, 40% used [0x00000000c0000000,0x00000000c43f7040,0x00000000ca680000)
 PSPermGen       total 21504K, used 6422K [0x00000000b5a00000, 0x00000000b6f00000, 0x00000000c0000000)
  object space 21504K, 29% used [0x00000000b5a00000,0x00000000b6045990,0x00000000b6f00000)
}
Event: 8,686 GC heap before
{Heap before GC invocations=8 (full 0):
 PSYoungGen      total 297984K, used 297957K [0x00000000eaa80000, 0x0000000100000000, 0x0000000100000000)
  eden space 254976K, 100% used [0x00000000eaa80000,0x00000000fa380000,0x00000000fa380000)
  from space 43008K, 99% used [0x00000000fa380000,0x00000000fcd796f0,0x00000000fcd80000)
  to   space 51712K, 0% used [0x00000000fcd80000,0x00000000fcd80000,0x0000000100000000)
 ParOldGen       total 170496K, used 69596K [0x00000000c0000000, 0x00000000ca680000, 0x00000000eaa80000)
  object space 170496K, 40% used [0x00000000c0000000,0x00000000c43f7040,0x00000000ca680000)
 PSPermGen       total 21504K, used 6431K [0x00000000b5a00000, 0x00000000b6f00000, 0x00000000c0000000)
  object space 21504K, 29% used [0x00000000b5a00000,0x00000000b6047e28,0x00000000b6f00000)
Event: 8,756 GC heap after
Heap after GC invocations=8 (full 0):
 PSYoungGen      total 233472K, used 51693K [0x00000000eaa80000, 0x0000000100000000, 0x0000000100000000)
  eden space 181760K, 0% used [0x00000000eaa80000,0x00000000eaa80000,0x00000000f5c00000)
  from space 51712K, 99% used [0x00000000fcd80000,0x00000000ffffb420,0x0000000100000000)
  to   space 83968K, 0% used [0x00000000f5c00000,0x00000000f5c00000,0x00000000fae00000)
 ParOldGen       total 170496K, used 99258K [0x00000000c0000000, 0x00000000ca680000, 0x00000000eaa80000)
  object space 170496K, 58% used [0x00000000c0000000,0x00000000c60eea18,0x00000000ca680000)
 PSPermGen       total 21504K, used 6431K [0x00000000b5a00000, 0x00000000b6f00000, 0x00000000c0000000)
  object space 21504K, 29% used [0x00000000b5a00000,0x00000000b6047e28,0x00000000b6f00000)
}
Event: 9,015 GC heap before
{Heap before GC invocations=9 (full 0):
 PSYoungGen      total 233472K, used 233453K [0x00000000eaa80000, 0x0000000100000000, 0x0000000100000000)
  eden space 181760K, 100% used [0x00000000eaa80000,0x00000000f5c00000,0x00000000f5c00000)
  from space 51712K, 99% used [0x00000000fcd80000,0x00000000ffffb420,0x0000000100000000)
  to   space 83968K, 0% used [0x00000000f5c00000,0x00000000f5c00000,0x00000000fae00000)
 ParOldGen       total 170496K, used 99258K [0x00000000c0000000, 0x00000000ca680000, 0x00000000eaa80000)
  object space 170496K, 58% used [0x00000000c0000000,0x00000000c60eea18,0x00000000ca680000)
 PSPermGen       total 21504K, used 6450K [0x00000000b5a00000, 0x00000000b6f00000, 0x00000000c0000000)
  object space 21504K, 29% used [0x00000000b5a00000,0x00000000b604c968,0x00000000b6f00000)
Event: 9,066 GC heap after
Heap after GC invocations=9 (full 0):
 PSYoungGen      total 240128K, used 57987K [0x00000000eaa80000, 0x0000000100000000, 0x0000000100000000)
  eden space 181760K, 0% used [0x00000000eaa80000,0x00000000eaa80000,0x00000000f5c00000)
  from space 58368K, 99% used [0x00000000f5c00000,0x00000000f94a0cd8,0x00000000f9500000)
  to   space 88576K, 0% used [0x00000000fa980000,0x00000000fa980000,0x0000000100000000)
 ParOldGen       total 170496K, used 121511K [0x00000000c0000000, 0x00000000ca680000, 0x00000000eaa80000)
  object space 170496K, 71% used [0x00000000c0000000,0x00000000c76a9f08,0x00000000ca680000)
 PSPermGen       total 21504K, used 6450K [0x00000000b5a00000, 0x00000000b6f00000, 0x00000000c0000000)
  object space 21504K, 29% used [0x00000000b5a00000,0x00000000b604c968,0x00000000b6f00000)
}
Event: 9,342 GC heap before
{Heap before GC invocations=10 (full 0):
 PSYoungGen      total 240128K, used 239747K [0x00000000eaa80000, 0x0000000100000000, 0x0000000100000000)
  eden space 181760K, 100% used [0x00000000eaa80000,0x00000000f5c00000,0x00000000f5c00000)
  from space 58368K, 99% used [0x00000000f5c00000,0x00000000f94a0cd8,0x00000000f9500000)
  to   space 88576K, 0% used [0x00000000fa980000,0x00000000fa980000,0x0000000100000000)
 ParOldGen       total 170496K, used 121511K [0x00000000c0000000, 0x00000000ca680000, 0x00000000eaa80000)
  object space 170496K, 71% used [0x00000000c0000000,0x00000000c76a9f08,0x00000000ca680000)
 PSPermGen       total 21504K, used 6460K [0x00000000b5a00000, 0x00000000b6f00000, 0x00000000c0000000)
  object space 21504K, 30% used [0x00000000b5a00000,0x00000000b604f158,0x00000000b6f00000)

