# JRE version: OpenJDK Runtime Environment (7.0_95) (build 1.7.0_95-b00)
# Java VM: OpenJDK 64-Bit Server VM (24.95-b01 mixed mode linux-amd64 compressed oops)
Heap
 PSYoungGen      total 244224K, used 22532K [0x00000000eaa80000, 0x00000000ff480000, 0x0000000100000000)
  eden space 154624K, 0% used [0x00000000eaa80000,0x00000000eaa80000,0x00000000f4180000)
  from space 89600K, 25% used [0x00000000f9d00000,0x00000000fb301300,0x00000000ff480000)
  to   space 91648K, 0% used [0x00000000f4180000,0x00000000f4180000,0x00000000f9b00000)
 ParOldGen       total 532992K, used 517693K [0x00000000c0000000, 0x00000000e0880000, 0x00000000eaa80000)
  object space 532992K, 97% used [0x00000000c0000000,0x00000000df98f418,0x00000000e0880000)
 PSPermGen       total 21504K, used 6572K [0x00000000b5a00000, 0x00000000b6f00000, 0x00000000c0000000)
  object space 21504K, 30% used [0x00000000b5a00000,0x00000000b606b1a8,0x00000000b6f00000)
GC Heap History (10 events):
Event: 25,228 GC heap after
Heap after GC invocations=24 (full 2):
 PSYoungGen      total 229376K, used 20530K [0x00000000eaa80000, 0x00000000ff600000, 0x0000000100000000)
  eden space 124416K, 0% used [0x00000000eaa80000,0x00000000eaa80000,0x00000000f2400000)
  from space 104960K, 19% used [0x00000000f8f80000,0x00000000fa38c968,0x00000000ff600000)
  to   space 107520K, 0% used [0x00000000f2400000,0x00000000f2400000,0x00000000f8d00000)
 ParOldGen       total 532992K, used 436067K [0x00000000c0000000, 0x00000000e0880000, 0x00000000eaa80000)
  object space 532992K, 81% used [0x00000000c0000000,0x00000000da9d8e70,0x00000000e0880000)
 PSPermGen       total 21504K, used 6563K [0x00000000b5a00000, 0x00000000b6f00000, 0x00000000c0000000)
  object space 21504K, 30% used [0x00000000b5a00000,0x00000000b6068cc8,0x00000000b6f00000)
}
Event: 25,380 GC heap before
{Heap before GC invocations=25 (full 2):
 PSYoungGen      total 229376K, used 144946K [0x00000000eaa80000, 0x00000000ff600000, 0x0000000100000000)
  eden space 124416K, 100% used [0x00000000eaa80000,0x00000000f2400000,0x00000000f2400000)
  from space 104960K, 19% used [0x00000000f8f80000,0x00000000fa38c968,0x00000000ff600000)
  to   space 107520K, 0% used [0x00000000f2400000,0x00000000f2400000,0x00000000f8d00000)
 ParOldGen       total 532992K, used 436067K [0x00000000c0000000, 0x00000000e0880000, 0x00000000eaa80000)
  object space 532992K, 81% used [0x00000000c0000000,0x00000000da9d8e70,0x00000000e0880000)
 PSPermGen       total 21504K, used 6564K [0x00000000b5a00000, 0x00000000b6f00000, 0x00000000c0000000)
  object space 21504K, 30% used [0x00000000b5a00000,0x00000000b60691f0,0x00000000b6f00000)
Event: 25,414 GC heap after
Heap after GC invocations=25 (full 2):
 PSYoungGen      total 231936K, used 21407K [0x00000000eaa80000, 0x00000000ffb80000, 0x0000000100000000)
  eden space 124416K, 0% used [0x00000000eaa80000,0x00000000eaa80000,0x00000000f2400000)
  from space 107520K, 19% used [0x00000000f2400000,0x00000000f38e7ce8,0x00000000f8d00000)
  to   space 103936K, 0% used [0x00000000f9600000,0x00000000f9600000,0x00000000ffb80000)
 ParOldGen       total 532992K, used 455474K [0x00000000c0000000, 0x00000000e0880000, 0x00000000eaa80000)
  object space 532992K, 85% used [0x00000000c0000000,0x00000000dbcccb68,0x00000000e0880000)
 PSPermGen       total 21504K, used 6564K [0x00000000b5a00000, 0x00000000b6f00000, 0x00000000c0000000)
  object space 21504K, 30% used [0x00000000b5a00000,0x00000000b60691f0,0x00000000b6f00000)
}
Event: 25,539 GC heap before
{Heap before GC invocations=26 (full 2):
 PSYoungGen      total 231936K, used 145823K [0x00000000eaa80000, 0x00000000ffb80000, 0x0000000100000000)
  eden space 124416K, 100% used [0x00000000eaa80000,0x00000000f2400000,0x00000000f2400000)
  from space 107520K, 19% used [0x00000000f2400000,0x00000000f38e7ce8,0x00000000f8d00000)
  to   space 103936K, 0% used [0x00000000f9600000,0x00000000f9600000,0x00000000ffb80000)
 ParOldGen       total 532992K, used 455474K [0x00000000c0000000, 0x00000000e0880000, 0x00000000eaa80000)
  object space 532992K, 85% used [0x00000000c0000000,0x00000000dbcccb68,0x00000000e0880000)
 PSPermGen       total 21504K, used 6565K [0x00000000b5a00000, 0x00000000b6f00000, 0x00000000c0000000)
  object space 21504K, 30% used [0x00000000b5a00000,0x00000000b6069458,0x00000000b6f00000)
Event: 25,567 GC heap after
Heap after GC invocations=26 (full 2):
 PSYoungGen      total 235008K, used 21992K [0x00000000eaa80000, 0x00000000ff480000, 0x0000000100000000)
  eden space 138240K, 0% used [0x00000000eaa80000,0x00000000eaa80000,0x00000000f3180000)
  from space 96768K, 22% used [0x00000000f9600000,0x00000000fab7a3e0,0x00000000ff480000)
  to   space 99840K, 0% used [0x00000000f3180000,0x00000000f3180000,0x00000000f9300000)
 ParOldGen       total 532992K, used 476003K [0x00000000c0000000, 0x00000000e0880000, 0x00000000eaa80000)
  object space 532992K, 89% used [0x00000000c0000000,0x00000000dd0d8d90,0x00000000e0880000)
 PSPermGen       total 21504K, used 6565K [0x00000000b5a00000, 0x00000000b6f00000, 0x00000000c0000000)
  object space 21504K, 30% used [0x00000000b5a00000,0x00000000b6069458,0x00000000b6f00000)
}
Event: 25,700 GC heap before
{Heap before GC invocations=27 (full 2):
 PSYoungGen      total 235008K, used 160232K [0x00000000eaa80000, 0x00000000ff480000, 0x0000000100000000)
  eden space 138240K, 100% used [0x00000000eaa80000,0x00000000f3180000,0x00000000f3180000)
  from space 96768K, 22% used [0x00000000f9600000,0x00000000fab7a3e0,0x00000000ff480000)
  to   space 99840K, 0% used [0x00000000f3180000,0x00000000f3180000,0x00000000f9300000)
 ParOldGen       total 532992K, used 476003K [0x00000000c0000000, 0x00000000e0880000, 0x00000000eaa80000)
  object space 532992K, 89% used [0x00000000c0000000,0x00000000dd0d8d90,0x00000000e0880000)
 PSPermGen       total 21504K, used 6568K [0x00000000b5a00000, 0x00000000b6f00000, 0x00000000c0000000)
  object space 21504K, 30% used [0x00000000b5a00000,0x00000000b606a030,0x00000000b6f00000)
Event: 25,737 GC heap after
Heap after GC invocations=27 (full 2):
 PSYoungGen      total 238080K, used 23479K [0x00000000eaa80000, 0x00000000ffa00000, 0x0000000100000000)
  eden space 138240K, 0% used [0x00000000eaa80000,0x00000000eaa80000,0x00000000f3180000)
  from space 99840K, 23% used [0x00000000f3180000,0x00000000f486dda8,0x00000000f9300000)
  to   space 95232K, 0% used [0x00000000f9d00000,0x00000000f9d00000,0x00000000ffa00000)
 ParOldGen       total 532992K, used 495950K [0x00000000c0000000, 0x00000000e0880000, 0x00000000eaa80000)
  object space 532992K, 93% used [0x00000000c0000000,0x00000000de453af0,0x00000000e0880000)
 PSPermGen       total 21504K, used 6568K [0x00000000b5a00000, 0x00000000b6f00000, 0x00000000c0000000)
  object space 21504K, 30% used [0x00000000b5a00000,0x00000000b606a030,0x00000000b6f00000)
}
Event: 25,853 GC heap before
{Heap before GC invocations=28 (full 2):
 PSYoungGen      total 238080K, used 161719K [0x00000000eaa80000, 0x00000000ffa00000, 0x0000000100000000)
  eden space 138240K, 100% used [0x00000000eaa80000,0x00000000f3180000,0x00000000f3180000)
  from space 99840K, 23% used [0x00000000f3180000,0x00000000f486dda8,0x00000000f9300000)
  to   space 95232K, 0% used [0x00000000f9d00000,0x00000000f9d00000,0x00000000ffa00000)
 ParOldGen       total 532992K, used 495950K [0x00000000c0000000, 0x00000000e0880000, 0x00000000eaa80000)
  object space 532992K, 93% used [0x00000000c0000000,0x00000000de453af0,0x00000000e0880000)
 PSPermGen       total 21504K, used 6572K [0x00000000b5a00000, 0x00000000b6f00000, 0x00000000c0000000)
  object space 21504K, 30% used [0x00000000b5a00000,0x00000000b606b1a8,0x00000000b6f00000)
Event: 25,883 GC heap after
Heap after GC invocations=28 (full 2):
 PSYoungGen      total 244224K, used 22532K [0x00000000eaa80000, 0x00000000ff480000, 0x0000000100000000)
  eden space 154624K, 0% used [0x00000000eaa80000,0x00000000eaa80000,0x00000000f4180000)
  from space 89600K, 25% used [0x00000000f9d00000,0x00000000fb301300,0x00000000ff480000)
  to   space 91648K, 0% used [0x00000000f4180000,0x00000000f4180000,0x00000000f9b00000)
 ParOldGen       total 532992K, used 517693K [0x00000000c0000000, 0x00000000e0880000, 0x00000000eaa80000)
  object space 532992K, 97% used [0x00000000c0000000,0x00000000df98f418,0x00000000e0880000)
 PSPermGen       total 21504K, used 6572K [0x00000000b5a00000, 0x00000000b6f00000, 0x00000000c0000000)
  object space 21504K, 30% used [0x00000000b5a00000,0x00000000b606b1a8,0x00000000b6f00000)
}
Event: 25,883 GC heap before
{Heap before GC invocations=29 (full 3):
 PSYoungGen      total 244224K, used 22532K [0x00000000eaa80000, 0x00000000ff480000, 0x0000000100000000)
  eden space 154624K, 0% used [0x00000000eaa80000,0x00000000eaa80000,0x00000000f4180000)
  from space 89600K, 25% used [0x00000000f9d00000,0x00000000fb301300,0x00000000ff480000)
  to   space 91648K, 0% used [0x00000000f4180000,0x00000000f4180000,0x00000000f9b00000)
 ParOldGen       total 532992K, used 517693K [0x00000000c0000000, 0x00000000e0880000, 0x00000000eaa80000)
  object space 532992K, 97% used [0x00000000c0000000,0x00000000df98f418,0x00000000e0880000)
 PSPermGen       total 21504K, used 6572K [0x00000000b5a00000, 0x00000000b6f00000, 0x00000000c0000000)
  object space 21504K, 30% used [0x00000000b5a00000,0x00000000b606b1a8,0x00000000b6f00000)

