# JRE version: OpenJDK Runtime Environment (7.0_95) (build 1.7.0_95-b00)
# Java VM: OpenJDK 64-Bit Server VM (24.95-b01 mixed mode linux-amd64 compressed oops)
Heap
 PSYoungGen      total 292864K, used 287154K [0x00000000eaa80000, 0x00000000ffc80000, 0x0000000100000000)
  eden space 254976K, 100% used [0x00000000eaa80000,0x00000000fa380000,0x00000000fa380000)
  from space 37888K, 84% used [0x00000000fcd80000,0x00000000fececbd0,0x00000000ff280000)
  to   space 43008K, 18% used [0x00000000fa380000,0x00000000fab62a70,0x00000000fcd80000)
 ParOldGen       total 170496K, used 44803K [0x00000000c0000000, 0x00000000ca680000, 0x00000000eaa80000)
  object space 170496K, 26% used [0x00000000c0000000,0x00000000c2bc0f20,0x00000000ca680000)
 PSPermGen       total 21504K, used 6422K [0x00000000b5a00000, 0x00000000b6f00000, 0x00000000c0000000)
  object space 21504K, 29% used [0x00000000b5a00000,0x00000000b6045870,0x00000000b6f00000)
GC Heap History (10 events):
Event: 2,080 GC heap after
Heap after GC invocations=2 (full 0):
 PSYoungGen      total 75264K, used 10208K [0x00000000eaa80000, 0x00000000efe00000, 0x0000000100000000)
  eden space 65024K, 0% used [0x00000000eaa80000,0x00000000eaa80000,0x00000000eea00000)
  from space 10240K, 99% used [0x00000000ef400000,0x00000000efdf8190,0x00000000efe00000)
  to   space 10240K, 0% used [0x00000000eea00000,0x00000000eea00000,0x00000000ef400000)
 ParOldGen       total 170496K, used 2423K [0x00000000c0000000, 0x00000000ca680000, 0x00000000eaa80000)
  object space 170496K, 1% used [0x00000000c0000000,0x00000000c025de40,0x00000000ca680000)
 PSPermGen       total 21504K, used 6200K [0x00000000b5a00000, 0x00000000b6f00000, 0x00000000c0000000)
  object space 21504K, 28% used [0x00000000b5a00000,0x00000000b600e178,0x00000000b6f00000)
}
Event: 3,229 GC heap before
{Heap before GC invocations=3 (full 0):
 PSYoungGen      total 75264K, used 75232K [0x00000000eaa80000, 0x00000000efe00000, 0x0000000100000000)
  eden space 65024K, 100% used [0x00000000eaa80000,0x00000000eea00000,0x00000000eea00000)
  from space 10240K, 99% used [0x00000000ef400000,0x00000000efdf8190,0x00000000efe00000)
  to   space 10240K, 0% used [0x00000000eea00000,0x00000000eea00000,0x00000000ef400000)
 ParOldGen       total 170496K, used 2423K [0x00000000c0000000, 0x00000000ca680000, 0x00000000eaa80000)
  object space 170496K, 1% used [0x00000000c0000000,0x00000000c025de40,0x00000000ca680000)
 PSPermGen       total 21504K, used 6253K [0x00000000b5a00000, 0x00000000b6f00000, 0x00000000c0000000)
  object space 21504K, 29% used [0x00000000b5a00000,0x00000000b601b4f0,0x00000000b6f00000)
Event: 3,257 GC heap after
Heap after GC invocations=3 (full 0):
 PSYoungGen      total 75264K, used 10223K [0x00000000eaa80000, 0x00000000f3d80000, 0x0000000100000000)
  eden space 65024K, 0% used [0x00000000eaa80000,0x00000000eaa80000,0x00000000eea00000)
  from space 10240K, 99% used [0x00000000eea00000,0x00000000ef3fbef0,0x00000000ef400000)
  to   space 10240K, 0% used [0x00000000f3380000,0x00000000f3380000,0x00000000f3d80000)
 ParOldGen       total 170496K, used 12334K [0x00000000c0000000, 0x00000000ca680000, 0x00000000eaa80000)
  object space 170496K, 7% used [0x00000000c0000000,0x00000000c0c0b9a0,0x00000000ca680000)
 PSPermGen       total 21504K, used 6253K [0x00000000b5a00000, 0x00000000b6f00000, 0x00000000c0000000)
  object space 21504K, 29% used [0x00000000b5a00000,0x00000000b601b4f0,0x00000000b6f00000)
}
Event: 4,623 GC heap before
{Heap before GC invocations=4 (full 0):
 PSYoungGen      total 75264K, used 75247K [0x00000000eaa80000, 0x00000000f3d80000, 0x0000000100000000)
  eden space 65024K, 100% used [0x00000000eaa80000,0x00000000eea00000,0x00000000eea00000)
  from space 10240K, 99% used [0x00000000eea00000,0x00000000ef3fbef0,0x00000000ef400000)
  to   space 10240K, 0% used [0x00000000f3380000,0x00000000f3380000,0x00000000f3d80000)
 ParOldGen       total 170496K, used 12334K [0x00000000c0000000, 0x00000000ca680000, 0x00000000eaa80000)
  object space 170496K, 7% used [0x00000000c0000000,0x00000000c0c0b9a0,0x00000000ca680000)
 PSPermGen       total 21504K, used 6292K [0x00000000b5a00000, 0x00000000b6f00000, 0x00000000c0000000)
  object space 21504K, 29% used [0x00000000b5a00000,0x00000000b60253a0,0x00000000b6f00000)
Event: 4,682 GC heap after
Heap after GC invocations=4 (full 0):
 PSYoungGen      total 140288K, used 10221K [0x00000000eaa80000, 0x00000000f3d80000, 0x0000000100000000)
  eden space 130048K, 0% used [0x00000000eaa80000,0x00000000eaa80000,0x00000000f2980000)
  from space 10240K, 99% used [0x00000000f3380000,0x00000000f3d7b408,0x00000000f3d80000)
  to   space 10240K, 0% used [0x00000000f2980000,0x00000000f2980000,0x00000000f3380000)
 ParOldGen       total 170496K, used 22853K [0x00000000c0000000, 0x00000000ca680000, 0x00000000eaa80000)
  object space 170496K, 13% used [0x00000000c0000000,0x00000000c16514d8,0x00000000ca680000)
 PSPermGen       total 21504K, used 6292K [0x00000000b5a00000, 0x00000000b6f00000, 0x00000000c0000000)
  object space 21504K, 29% used [0x00000000b5a00000,0x00000000b60253a0,0x00000000b6f00000)
}
Event: 6,433 GC heap before
{Heap before GC invocations=5 (full 0):
 PSYoungGen      total 140288K, used 140269K [0x00000000eaa80000, 0x00000000f3d80000, 0x0000000100000000)
  eden space 130048K, 100% used [0x00000000eaa80000,0x00000000f2980000,0x00000000f2980000)
  from space 10240K, 99% used [0x00000000f3380000,0x00000000f3d7b408,0x00000000f3d80000)
  to   space 10240K, 0% used [0x00000000f2980000,0x00000000f2980000,0x00000000f3380000)
 ParOldGen       total 170496K, used 22853K [0x00000000c0000000, 0x00000000ca680000, 0x00000000eaa80000)
  object space 170496K, 13% used [0x00000000c0000000,0x00000000c16514d8,0x00000000ca680000)
 PSPermGen       total 21504K, used 6375K [0x00000000b5a00000, 0x00000000b6f00000, 0x00000000c0000000)
  object space 21504K, 29% used [0x00000000b5a00000,0x00000000b6039dd0,0x00000000b6f00000)
Event: 6,484 GC heap after
Heap after GC invocations=5 (full 0):
 PSYoungGen      total 140288K, used 10216K [0x00000000eaa80000, 0x00000000ff280000, 0x0000000100000000)
  eden space 130048K, 0% used [0x00000000eaa80000,0x00000000eaa80000,0x00000000f2980000)
  from space 10240K, 99% used [0x00000000f2980000,0x00000000f337a3a0,0x00000000f3380000)
  to   space 37888K, 0% used [0x00000000fcd80000,0x00000000fcd80000,0x00000000ff280000)
 ParOldGen       total 170496K, used 42839K [0x00000000c0000000, 0x00000000ca680000, 0x00000000eaa80000)
  object space 170496K, 25% used [0x00000000c0000000,0x00000000c29d5d30,0x00000000ca680000)
 PSPermGen       total 21504K, used 6375K [0x00000000b5a00000, 0x00000000b6f00000, 0x00000000c0000000)
  object space 21504K, 29% used [0x00000000b5a00000,0x00000000b6039dd0,0x00000000b6f00000)
}
Event: 7,333 GC heap before
{Heap before GC invocations=6 (full 0):
 PSYoungGen      total 140288K, used 140264K [0x00000000eaa80000, 0x00000000ff280000, 0x0000000100000000)
  eden space 130048K, 100% used [0x00000000eaa80000,0x00000000f2980000,0x00000000f2980000)
  from space 10240K, 99% used [0x00000000f2980000,0x00000000f337a3a0,0x00000000f3380000)
  to   space 37888K, 0% used [0x00000000fcd80000,0x00000000fcd80000,0x00000000ff280000)
 ParOldGen       total 170496K, used 42839K [0x00000000c0000000, 0x00000000ca680000, 0x00000000eaa80000)
  object space 170496K, 25% used [0x00000000c0000000,0x00000000c29d5d30,0x00000000ca680000)
 PSPermGen       total 21504K, used 6405K [0x00000000b5a00000, 0x00000000b6f00000, 0x00000000c0000000)
  object space 21504K, 29% used [0x00000000b5a00000,0x00000000b6041540,0x00000000b6f00000)
Event: 7,366 GC heap after
Heap after GC invocations=6 (full 0):
 PSYoungGen      total 292864K, used 32178K [0x00000000eaa80000, 0x00000000ffc80000, 0x0000000100000000)
  eden space 254976K, 0% used [0x00000000eaa80000,0x00000000eaa80000,0x00000000fa380000)
  from space 37888K, 84% used [0x00000000fcd80000,0x00000000fececbd0,0x00000000ff280000)
  to   space 43008K, 0% used [0x00000000fa380000,0x00000000fa380000,0x00000000fcd80000)
 ParOldGen       total 170496K, used 42839K [0x00000000c0000000, 0x00000000ca680000, 0x00000000eaa80000)
  object space 170496K, 25% used [0x00000000c0000000,0x00000000c29d5d30,0x00000000ca680000)
 PSPermGen       total 21504K, used 6405K [0x00000000b5a00000, 0x00000000b6f00000, 0x00000000c0000000)
  object space 21504K, 29% used [0x00000000b5a00000,0x00000000b6041540,0x00000000b6f00000)
}
Event: 8,329 GC heap before
{Heap before GC invocations=7 (full 0):
 PSYoungGen      total 292864K, used 287154K [0x00000000eaa80000, 0x00000000ffc80000, 0x0000000100000000)
  eden space 254976K, 100% used [0x00000000eaa80000,0x00000000fa380000,0x00000000fa380000)
  from space 37888K, 84% used [0x00000000fcd80000,0x00000000fececbd0,0x00000000ff280000)
  to   space 43008K, 0% used [0x00000000fa380000,0x00000000fa380000,0x00000000fcd80000)
 ParOldGen       total 170496K, used 42839K [0x00000000c0000000, 0x00000000ca680000, 0x00000000eaa80000)
  object space 170496K, 25% used [0x00000000c0000000,0x00000000c29d5d30,0x00000000ca680000)
 PSPermGen       total 21504K, used 6422K [0x00000000b5a00000, 0x00000000b6f00000, 0x00000000c0000000)
  object space 21504K, 29% used [0x00000000b5a00000,0x00000000b6045870,0x00000000b6f00000)

